<?xml version="1.0" encoding="UTF-8"?>
<!-- Generated by org.testng.reporters.JUnitReportReporter -->
<testsuite hostname="MSI" failures="0" tests="1" name="com.test.hashtest" time="24.386" errors="0" timestamp="15 Jun 2023 07:00:01 GMT" skipped="0">
  <testcase classname="com.test.hashtest" name="Sample1" time="24.386"/>
</testsuite> <!-- com.test.hashtest -->
